This is pdfTeX, Version 3.141592653-2.6-1.40.26 (TeX Live 2024) (preloaded format=pdflatex 2024.6.9)  14 JUN 2024 17:02
entering extended mode
 restricted \write18 enabled.
 %&-line parsing enabled.
**README3.tex
(./README3.tex
LaTeX2e <2023-11-01> patch level 1
L3 programming layer <2024-02-20>
(/usr/local/texlive/2024/texmf-dist/tex/latex/base/article.cls
Document Class: article 2023/05/17 v1.4n Standard LaTeX document class
(/usr/local/texlive/2024/texmf-dist/tex/latex/base/size10.clo
File: size10.clo 2023/05/17 v1.4n Standard LaTeX file (size option)
)
\c@part=\count188
\c@section=\count189
\c@subsection=\count190
\c@subsubsection=\count191
\c@paragraph=\count192
\c@subparagraph=\count193
\c@figure=\count194
\c@table=\count195
\abovecaptionskip=\skip48
\belowcaptionskip=\skip49
\bibindent=\dimen140
) (/usr/local/texlive/2024/texmf-dist/tex/latex/amsmath/amsmath.sty
Package: amsmath 2023/05/13 v2.17o AMS math features
\@mathmargin=\skip50
For additional information on amsmath, use the `?' option.
(/usr/local/texlive/2024/texmf-dist/tex/latex/amsmath/amstext.sty
Package: amstext 2021/08/26 v2.01 AMS text
(/usr/local/texlive/2024/texmf-dist/tex/latex/amsmath/amsgen.sty
File: amsgen.sty 1999/11/30 v2.0 generic functions
\@emptytoks=\toks17
\ex@=\dimen141
)) (/usr/local/texlive/2024/texmf-dist/tex/latex/amsmath/amsbsy.sty
Package: amsbsy 1999/11/29 v1.2d Bold Symbols
\pmbraise@=\dimen142
) (/usr/local/texlive/2024/texmf-dist/tex/latex/amsmath/amsopn.sty
Package: amsopn 2022/04/08 v2.04 operator names
)
\inf@bad=\count196
LaTeX Info: Redefining \frac on input line 234.
\uproot@=\count197
\leftroot@=\count198
LaTeX Info: Redefining \overline on input line 399.
LaTeX Info: Redefining \colon on input line 410.
\classnum@=\count199
\DOTSCASE@=\count266
LaTeX Info: Redefining \ldots on input line 496.
LaTeX Info: Redefining \dots on input line 499.
LaTeX Info: Redefining \cdots on input line 620.
\Mathstrutbox@=\box51
\strutbox@=\box52
LaTeX Info: Redefining \big on input line 722.
LaTeX Info: Redefining \Big on input line 723.
LaTeX Info: Redefining \bigg on input line 724.
LaTeX Info: Redefining \Bigg on input line 725.
\big@size=\dimen143
LaTeX Font Info:    Redeclaring font encoding OML on input line 743.
LaTeX Font Info:    Redeclaring font encoding OMS on input line 744.
\macc@depth=\count267
LaTeX Info: Redefining \bmod on input line 905.
LaTeX Info: Redefining \pmod on input line 910.
LaTeX Info: Redefining \smash on input line 940.
LaTeX Info: Redefining \relbar on input line 970.
LaTeX Info: Redefining \Relbar on input line 971.
\c@MaxMatrixCols=\count268
\dotsspace@=\muskip16
\c@parentequation=\count269
\dspbrk@lvl=\count270
\tag@help=\toks18
\row@=\count271
\column@=\count272
\maxfields@=\count273
\andhelp@=\toks19
\eqnshift@=\dimen144
\alignsep@=\dimen145
\tagshift@=\dimen146
\tagwidth@=\dimen147
\totwidth@=\dimen148
\lineht@=\dimen149
\@envbody=\toks20
\multlinegap=\skip51
\multlinetaggap=\skip52
\mathdisplay@stack=\toks21
LaTeX Info: Redefining \[ on input line 2953.
LaTeX Info: Redefining \] on input line 2954.
) (/usr/local/texlive/2024/texmf-dist/tex/latex/amsfonts/amssymb.sty
Package: amssymb 2013/01/14 v3.01 AMS font symbols
(/usr/local/texlive/2024/texmf-dist/tex/latex/amsfonts/amsfonts.sty
Package: amsfonts 2013/01/14 v3.01 Basic AMSFonts support
\symAMSa=\mathgroup4
\symAMSb=\mathgroup5
LaTeX Font Info:    Redeclaring math symbol \hbar on input line 98.
LaTeX Font Info:    Overwriting math alphabet `\mathfrak' in version `bold'
(Font)                  U/euf/m/n --> U/euf/b/n on input line 106.
)) (/usr/local/texlive/2024/texmf-dist/tex/latex/setspace/setspace.sty
Package: setspace 2022/12/04 v6.7b set line spacing
) (/usr/local/texlive/2024/texmf-dist/tex/generic/iftex/iftex.sty
Package: iftex 2022/02/03 v1.0f TeX engine tests
) (/usr/local/texlive/2024/texmf-dist/tex/latex/base/fontenc.sty
Package: fontenc 2021/04/29 v2.0v Standard LaTeX package
) (/usr/local/texlive/2024/texmf-dist/tex/latex/base/inputenc.sty
Package: inputenc 2021/02/14 v1.3d Input encoding file
\inpenc@prehook=\toks22
\inpenc@posthook=\toks23
) (/usr/local/texlive/2024/texmf-dist/tex/latex/base/textcomp.sty
Package: textcomp 2020/02/02 v2.0n Standard LaTeX package
) (/usr/local/texlive/2024/texmf-dist/tex/latex/lm/lmodern.sty
Package: lmodern 2015/05/01 v1.6.1 Latin Modern Fonts
LaTeX Font Info:    Overwriting symbol font `operators' in version `normal'
(Font)                  OT1/cmr/m/n --> OT1/lmr/m/n on input line 22.
LaTeX Font Info:    Overwriting symbol font `letters' in version `normal'
(Font)                  OML/cmm/m/it --> OML/lmm/m/it on input line 23.
LaTeX Font Info:    Overwriting symbol font `symbols' in version `normal'
(Font)                  OMS/cmsy/m/n --> OMS/lmsy/m/n on input line 24.
LaTeX Font Info:    Overwriting symbol font `largesymbols' in version `normal'
(Font)                  OMX/cmex/m/n --> OMX/lmex/m/n on input line 25.
LaTeX Font Info:    Overwriting symbol font `operators' in version `bold'
(Font)                  OT1/cmr/bx/n --> OT1/lmr/bx/n on input line 26.
LaTeX Font Info:    Overwriting symbol font `letters' in version `bold'
(Font)                  OML/cmm/b/it --> OML/lmm/b/it on input line 27.
LaTeX Font Info:    Overwriting symbol font `symbols' in version `bold'
(Font)                  OMS/cmsy/b/n --> OMS/lmsy/b/n on input line 28.
LaTeX Font Info:    Overwriting symbol font `largesymbols' in version `bold'
(Font)                  OMX/cmex/m/n --> OMX/lmex/m/n on input line 29.
LaTeX Font Info:    Overwriting math alphabet `\mathbf' in version `normal'
(Font)                  OT1/cmr/bx/n --> OT1/lmr/bx/n on input line 31.
LaTeX Font Info:    Overwriting math alphabet `\mathsf' in version `normal'
(Font)                  OT1/cmss/m/n --> OT1/lmss/m/n on input line 32.
LaTeX Font Info:    Overwriting math alphabet `\mathit' in version `normal'
(Font)                  OT1/cmr/m/it --> OT1/lmr/m/it on input line 33.
LaTeX Font Info:    Overwriting math alphabet `\mathtt' in version `normal'
(Font)                  OT1/cmtt/m/n --> OT1/lmtt/m/n on input line 34.
LaTeX Font Info:    Overwriting math alphabet `\mathbf' in version `bold'
(Font)                  OT1/cmr/bx/n --> OT1/lmr/bx/n on input line 35.
LaTeX Font Info:    Overwriting math alphabet `\mathsf' in version `bold'
(Font)                  OT1/cmss/bx/n --> OT1/lmss/bx/n on input line 36.
LaTeX Font Info:    Overwriting math alphabet `\mathit' in version `bold'
(Font)                  OT1/cmr/bx/it --> OT1/lmr/bx/it on input line 37.
LaTeX Font Info:    Overwriting math alphabet `\mathtt' in version `bold'
(Font)                  OT1/cmtt/m/n --> OT1/lmtt/m/n on input line 38.
) (/usr/local/texlive/2024/texmf-dist/tex/latex/upquote/upquote.sty
Package: upquote 2012/04/19 v1.3 upright-quote and grave-accent glyphs in verba
tim
) (/usr/local/texlive/2024/texmf-dist/tex/latex/microtype/microtype.sty
Package: microtype 2023/03/13 v3.1a Micro-typographical refinements (RS)
(/usr/local/texlive/2024/texmf-dist/tex/latex/graphics/keyval.sty
Package: keyval 2022/05/29 v1.15 key=value parser (DPC)
\KV@toks@=\toks24
) (/usr/local/texlive/2024/texmf-dist/tex/latex/etoolbox/etoolbox.sty
Package: etoolbox 2020/10/05 v2.5k e-TeX tools for LaTeX (JAW)
\etb@tempcnta=\count274
)
\MT@toks=\toks25
\MT@tempbox=\box53
\MT@count=\count275
LaTeX Info: Redefining \noprotrusionifhmode on input line 1059.
LaTeX Info: Redefining \leftprotrusion on input line 1060.
\MT@prot@toks=\toks26
LaTeX Info: Redefining \rightprotrusion on input line 1078.
LaTeX Info: Redefining \textls on input line 1368.
\MT@outer@kern=\dimen150
LaTeX Info: Redefining \textmicrotypecontext on input line 1988.
\MT@listname@count=\count276
(/usr/local/texlive/2024/texmf-dist/tex/latex/microtype/microtype-pdftex.def
File: microtype-pdftex.def 2023/03/13 v3.1a Definitions specific to pdftex (RS)

LaTeX Info: Redefining \lsstyle on input line 902.
LaTeX Info: Redefining \lslig on input line 902.
\MT@outer@space=\skip53
)
Package microtype Info: Loading configuration file microtype.cfg.
(/usr/local/texlive/2024/texmf-dist/tex/latex/microtype/microtype.cfg
File: microtype.cfg 2023/03/13 v3.1a microtype main configuration file (RS)
)) (/usr/local/texlive/2024/texmf-dist/tex/latex/parskip/parskip.sty
Package: parskip 2021-03-14 v2.0h non-zero parskip adjustments
(/usr/local/texlive/2024/texmf-dist/tex/latex/kvoptions/kvoptions.sty
Package: kvoptions 2022-06-15 v3.15 Key value format for package options (HO)
(/usr/local/texlive/2024/texmf-dist/tex/generic/ltxcmds/ltxcmds.sty
Package: ltxcmds 2023-12-04 v1.26 LaTeX kernel commands for general use (HO)
) (/usr/local/texlive/2024/texmf-dist/tex/latex/kvsetkeys/kvsetkeys.sty
Package: kvsetkeys 2022-10-05 v1.19 Key value parser (HO)
))) (/usr/local/texlive/2024/texmf-dist/tex/latex/xcolor/xcolor.sty
Package: xcolor 2023/11/15 v3.01 LaTeX color extensions (UK)
(/usr/local/texlive/2024/texmf-dist/tex/latex/graphics-cfg/color.cfg
File: color.cfg 2016/01/02 v1.6 sample color configuration
)
Package xcolor Info: Driver file: pdftex.def on input line 274.
(/usr/local/texlive/2024/texmf-dist/tex/latex/graphics-def/pdftex.def
File: pdftex.def 2022/09/22 v1.2b Graphics/color driver for pdftex
) (/usr/local/texlive/2024/texmf-dist/tex/latex/graphics/mathcolor.ltx)
Package xcolor Info: Model `cmy' substituted by `cmy0' on input line 1350.
Package xcolor Info: Model `hsb' substituted by `rgb' on input line 1354.
Package xcolor Info: Model `RGB' extended on input line 1366.
Package xcolor Info: Model `HTML' substituted by `rgb' on input line 1368.
Package xcolor Info: Model `Hsb' substituted by `hsb' on input line 1369.
Package xcolor Info: Model `tHsb' substituted by `hsb' on input line 1370.
Package xcolor Info: Model `HSB' substituted by `hsb' on input line 1371.
Package xcolor Info: Model `Gray' substituted by `gray' on input line 1372.
Package xcolor Info: Model `wave' substituted by `hsb' on input line 1373.
) (/usr/local/texlive/2024/texmf-dist/tex/latex/graphics/dvipsnam.def
File: dvipsnam.def 2016/06/17 v3.0m Driver-dependent file (DPC,SPQR)
) (/usr/local/texlive/2024/texmf-dist/tex/latex/xcolor/svgnam.def
File: svgnam.def 2023/11/15 v3.01 Predefined colors according to SVG 1.1 (UK)
) (/usr/local/texlive/2024/texmf-dist/tex/latex/xcolor/x11nam.def
File: x11nam.def 2023/11/15 v3.01 Predefined colors according to Unix/X11 (UK)
) (/usr/local/texlive/2024/texmf-dist/tex/latex/geometry/geometry.sty
Package: geometry 2020/01/02 v5.9 Page Geometry
(/usr/local/texlive/2024/texmf-dist/tex/generic/iftex/ifvtex.sty
Package: ifvtex 2019/10/25 v1.7 ifvtex legacy package. Use iftex instead.
)
\Gm@cnth=\count277
\Gm@cntv=\count278
\c@Gm@tempcnt=\count279
\Gm@bindingoffset=\dimen151
\Gm@wd@mp=\dimen152
\Gm@odd@mp=\dimen153
\Gm@even@mp=\dimen154
\Gm@layoutwidth=\dimen155
\Gm@layoutheight=\dimen156
\Gm@layouthoffset=\dimen157
\Gm@layoutvoffset=\dimen158
\Gm@dimlist=\toks27
) (/usr/local/texlive/2024/texmf-dist/tex/latex/graphics/graphicx.sty
Package: graphicx 2021/09/16 v1.2d Enhanced LaTeX Graphics (DPC,SPQR)
(/usr/local/texlive/2024/texmf-dist/tex/latex/graphics/graphics.sty
Package: graphics 2022/03/10 v1.4e Standard LaTeX Graphics (DPC,SPQR)
(/usr/local/texlive/2024/texmf-dist/tex/latex/graphics/trig.sty
Package: trig 2021/08/11 v1.11 sin cos tan (DPC)
) (/usr/local/texlive/2024/texmf-dist/tex/latex/graphics-cfg/graphics.cfg
File: graphics.cfg 2016/06/04 v1.11 sample graphics configuration
)
Package graphics Info: Driver file: pdftex.def on input line 107.
)
\Gin@req@height=\dimen159
\Gin@req@width=\dimen160
) (/usr/local/texlive/2024/texmf-dist/tex/latex/titlesec/titlesec.sty
Package: titlesec 2023/10/27 v2.16 Sectioning titles
\ttl@box=\box54
\beforetitleunit=\skip54
\aftertitleunit=\skip55
\ttl@plus=\dimen161
\ttl@minus=\dimen162
\ttl@toksa=\toks28
\titlewidth=\dimen163
\titlewidthlast=\dimen164
\titlewidthfirst=\dimen165
) (/usr/local/texlive/2024/texmf-dist/tex/latex/natbib/natbib.sty
Package: natbib 2010/09/13 8.31b (PWD, AO)
\bibhang=\skip56
\bibsep=\skip57
LaTeX Info: Redefining \cite on input line 694.
\c@NAT@ctr=\count280
) (/usr/local/texlive/2024/texmf-dist/tex/latex/bookmark/bookmark.sty
Package: bookmark 2023-12-10 v1.31 PDF bookmarks (HO)
(/usr/local/texlive/2024/texmf-dist/tex/latex/hyperref/hyperref.sty
Package: hyperref 2024-01-20 v7.01h Hypertext links for LaTeX
(/usr/local/texlive/2024/texmf-dist/tex/generic/kvdefinekeys/kvdefinekeys.sty
Package: kvdefinekeys 2019-12-19 v1.6 Define keys (HO)
) (/usr/local/texlive/2024/texmf-dist/tex/generic/pdfescape/pdfescape.sty
Package: pdfescape 2019/12/09 v1.15 Implements pdfTeX's escape features (HO)
(/usr/local/texlive/2024/texmf-dist/tex/generic/pdftexcmds/pdftexcmds.sty
Package: pdftexcmds 2020-06-27 v0.33 Utility functions of pdfTeX for LuaTeX (HO
)
(/usr/local/texlive/2024/texmf-dist/tex/generic/infwarerr/infwarerr.sty
Package: infwarerr 2019/12/03 v1.5 Providing info/warning/error messages (HO)
)
Package pdftexcmds Info: \pdf@primitive is available.
Package pdftexcmds Info: \pdf@ifprimitive is available.
Package pdftexcmds Info: \pdfdraftmode found.
)) (/usr/local/texlive/2024/texmf-dist/tex/latex/hycolor/hycolor.sty
Package: hycolor 2020-01-27 v1.10 Color options for hyperref/bookmark (HO)
) (/usr/local/texlive/2024/texmf-dist/tex/latex/auxhook/auxhook.sty
Package: auxhook 2019-12-17 v1.6 Hooks for auxiliary files (HO)
) (/usr/local/texlive/2024/texmf-dist/tex/latex/hyperref/nameref.sty
Package: nameref 2023-11-26 v2.56 Cross-referencing by name of section
(/usr/local/texlive/2024/texmf-dist/tex/latex/refcount/refcount.sty
Package: refcount 2019/12/15 v3.6 Data extraction from label references (HO)
)
(/usr/local/texlive/2024/texmf-dist/tex/generic/gettitlestring/gettitlestring.s
ty
Package: gettitlestring 2019/12/15 v1.6 Cleanup title references (HO)
)
\c@section@level=\count281
)
\@linkdim=\dimen166
\Hy@linkcounter=\count282
\Hy@pagecounter=\count283
(/usr/local/texlive/2024/texmf-dist/tex/latex/hyperref/pd1enc.def
File: pd1enc.def 2024-01-20 v7.01h Hyperref: PDFDocEncoding definition (HO)
Now handling font encoding PD1 ...
... no UTF-8 mapping file for font encoding PD1
) (/usr/local/texlive/2024/texmf-dist/tex/generic/intcalc/intcalc.sty
Package: intcalc 2019/12/15 v1.3 Expandable calculations with integers (HO)
)
\Hy@SavedSpaceFactor=\count284
(/usr/local/texlive/2024/texmf-dist/tex/latex/hyperref/puenc.def
File: puenc.def 2024-01-20 v7.01h Hyperref: PDF Unicode definition (HO)
Now handling font encoding PU ...
... no UTF-8 mapping file for font encoding PU
)
Package hyperref Info: Option `unicode' set `true' on input line 4062.
Package hyperref Info: Hyper figures OFF on input line 4179.
Package hyperref Info: Link nesting OFF on input line 4184.
Package hyperref Info: Hyper index ON on input line 4187.
Package hyperref Info: Plain pages OFF on input line 4194.
Package hyperref Info: Backreferencing OFF on input line 4199.
Package hyperref Info: Implicit mode ON; LaTeX internals redefined.
Package hyperref Info: Bookmarks ON on input line 4446.
\c@Hy@tempcnt=\count285
(/usr/local/texlive/2024/texmf-dist/tex/latex/url/url.sty
\Urlmuskip=\muskip17
Package: url 2013/09/16  ver 3.4  Verb mode for urls, etc.
)
LaTeX Info: Redefining \url on input line 4784.
\XeTeXLinkMargin=\dimen167
(/usr/local/texlive/2024/texmf-dist/tex/generic/bitset/bitset.sty
Package: bitset 2019/12/09 v1.3 Handle bit-vector datatype (HO)
(/usr/local/texlive/2024/texmf-dist/tex/generic/bigintcalc/bigintcalc.sty
Package: bigintcalc 2019/12/15 v1.5 Expandable calculations on big integers (HO
)
))
\Fld@menulength=\count286
\Field@Width=\dimen168
\Fld@charsize=\dimen169
Package hyperref Info: Hyper figures OFF on input line 6063.
Package hyperref Info: Link nesting OFF on input line 6068.
Package hyperref Info: Hyper index ON on input line 6071.
Package hyperref Info: backreferencing OFF on input line 6078.
Package hyperref Info: Link coloring OFF on input line 6083.
Package hyperref Info: Link coloring with OCG OFF on input line 6088.
Package hyperref Info: PDF/A mode OFF on input line 6093.
(/usr/local/texlive/2024/texmf-dist/tex/latex/base/atbegshi-ltx.sty
Package: atbegshi-ltx 2021/01/10 v1.0c Emulation of the original atbegshi
package with kernel methods
)
\Hy@abspage=\count287
\c@Item=\count288
\c@Hfootnote=\count289
)
Package hyperref Info: Driver (autodetected): hpdftex.
(/usr/local/texlive/2024/texmf-dist/tex/latex/hyperref/hpdftex.def
File: hpdftex.def 2024-01-20 v7.01h Hyperref driver for pdfTeX
(/usr/local/texlive/2024/texmf-dist/tex/latex/base/atveryend-ltx.sty
Package: atveryend-ltx 2020/08/19 v1.0a Emulation of the original atveryend pac
kage
with kernel methods
)
\Fld@listcount=\count290
\c@bookmark@seq@number=\count291

(/usr/local/texlive/2024/texmf-dist/tex/latex/rerunfilecheck/rerunfilecheck.sty
Package: rerunfilecheck 2022-07-10 v1.10 Rerun checks for auxiliary files (HO)

(/usr/local/texlive/2024/texmf-dist/tex/generic/uniquecounter/uniquecounter.sty
Package: uniquecounter 2019/12/15 v1.4 Provide unlimited unique counter (HO)
)
Package uniquecounter Info: New unique counter `rerunfilecheck' on input line 2
85.
)
\Hy@SectionHShift=\skip58
) (/usr/local/texlive/2024/texmf-dist/tex/latex/bookmark/bkm-pdftex.def
File: bkm-pdftex.def 2023-12-10 v1.31 bookmark driver for pdfTeX and luaTeX (HO
)
\BKM@id=\count292
)) (/usr/local/texlive/2024/texmf-dist/tex/latex/xurl/xurl.sty
Package: xurl 2022/01/09 v 0.10 modify URL breaks
)
Package hyperref Info: Option `colorlinks' set `true' on input line 81.
LaTeX Font Info:    Trying to load font information for T1+lmr on input line 96
.
(/usr/local/texlive/2024/texmf-dist/tex/latex/lm/t1lmr.fd
File: t1lmr.fd 2015/05/01 v1.6.1 Font defs for Latin Modern
) (/usr/local/texlive/2024/texmf-dist/tex/latex/l3backend/l3backend-pdftex.def
File: l3backend-pdftex.def 2024-02-20 L3 backend support: PDF output (pdfTeX)
\l__color_backend_stack_int=\count293
\l__pdf_internal_box=\box55
) (./README3.aux)
\openout1 = `README3.aux'.

LaTeX Font Info:    Checking defaults for OML/cmm/m/it on input line 96.
LaTeX Font Info:    ... okay on input line 96.
LaTeX Font Info:    Checking defaults for OMS/cmsy/m/n on input line 96.
LaTeX Font Info:    ... okay on input line 96.
LaTeX Font Info:    Checking defaults for OT1/cmr/m/n on input line 96.
LaTeX Font Info:    ... okay on input line 96.
LaTeX Font Info:    Checking defaults for T1/cmr/m/n on input line 96.
LaTeX Font Info:    ... okay on input line 96.
LaTeX Font Info:    Checking defaults for TS1/cmr/m/n on input line 96.
LaTeX Font Info:    ... okay on input line 96.
LaTeX Font Info:    Checking defaults for OMX/cmex/m/n on input line 96.
LaTeX Font Info:    ... okay on input line 96.
LaTeX Font Info:    Checking defaults for U/cmr/m/n on input line 96.
LaTeX Font Info:    ... okay on input line 96.
LaTeX Font Info:    Checking defaults for PD1/pdf/m/n on input line 96.
LaTeX Font Info:    ... okay on input line 96.
LaTeX Font Info:    Checking defaults for PU/pdf/m/n on input line 96.
LaTeX Font Info:    ... okay on input line 96.
LaTeX Info: Redefining \microtypecontext on input line 96.
Package microtype Info: Applying patch `item' on input line 96.
Package microtype Info: Applying patch `toc' on input line 96.
Package microtype Info: Applying patch `eqnum' on input line 96.
Package microtype Info: Applying patch `footnote' on input line 96.
Package microtype Info: Applying patch `verbatim' on input line 96.
Package microtype Info: Generating PDF output.
Package microtype Info: Character protrusion enabled (level 2).
Package microtype Info: Using protrusion set `basicmath'.
Package microtype Info: Automatic font expansion enabled (level 2),
(microtype)             stretch: 20, shrink: 20, step: 1, non-selected.
Package microtype Info: Using default expansion set `alltext-nott'.
LaTeX Info: Redefining \showhyphens on input line 96.
Package microtype Info: No adjustment of tracking.
Package microtype Info: No adjustment of interword spacing.
Package microtype Info: No adjustment of character kerning.
(/usr/local/texlive/2024/texmf-dist/tex/latex/microtype/mt-cmr.cfg
File: mt-cmr.cfg 2013/05/19 v2.2 microtype config. file: Computer Modern Roman 
(RS)
) (/usr/local/texlive/2024/texmf-dist/tex/context/base/mkii/supp-pdf.mkii
[Loading MPS to PDF converter (version 2006.09.02).]
\scratchcounter=\count294
\scratchdimen=\dimen170
\scratchbox=\box56
\nofMPsegments=\count295
\nofMParguments=\count296
\everyMPshowfont=\toks29
\MPscratchCnt=\count297
\MPscratchDim=\dimen171
\MPnumerator=\count298
\makeMPintoPDFobject=\count299
\everyMPtoPDFconversion=\toks30
) (/usr/local/texlive/2024/texmf-dist/tex/latex/epstopdf-pkg/epstopdf-base.sty
Package: epstopdf-base 2020-01-24 v2.11 Base part for package epstopdf
Package epstopdf-base Info: Redefining graphics rule for `.eps' on input line 4
85.
(/usr/local/texlive/2024/texmf-dist/tex/latex/latexconfig/epstopdf-sys.cfg
File: epstopdf-sys.cfg 2010/07/13 v1.3 Configuration of (r)epstopdf for TeX Liv
e
))
*geometry* driver: auto-detecting
*geometry* detected driver: pdftex
*geometry* verbose mode - [ preamble ] result:
* driver: pdftex
* paper: a4paper
* layout: <same size as paper>
* layoutoffset:(h,v)=(0.0pt,0.0pt)
* modes: 
* h-part:(L,W,R)=(72.26999pt, 452.9679pt, 72.26999pt)
* v-part:(T,H,B)=(72.26999pt, 700.50687pt, 72.26999pt)
* \paperwidth=597.50787pt
* \paperheight=845.04684pt
* \textwidth=452.9679pt
* \textheight=700.50687pt
* \oddsidemargin=0.0pt
* \evensidemargin=0.0pt
* \topmargin=-37.0pt
* \headheight=12.0pt
* \headsep=25.0pt
* \topskip=10.0pt
* \footskip=30.0pt
* \marginparwidth=57.0pt
* \marginparsep=11.0pt
* \columnsep=10.0pt
* \skip\footins=9.0pt plus 4.0pt minus 2.0pt
* \hoffset=0.0pt
* \voffset=0.0pt
* \mag=1000
* \@twocolumnfalse
* \@twosidefalse
* \@mparswitchfalse
* \@reversemarginfalse
* (1in=72.27pt=25.4mm, 1cm=28.453pt)

Package hyperref Info: Link coloring ON on input line 96.
LaTeX Font Info:    Trying to load font information for OT1+lmr on input line 9
8.
(/usr/local/texlive/2024/texmf-dist/tex/latex/lm/ot1lmr.fd
File: ot1lmr.fd 2015/05/01 v1.6.1 Font defs for Latin Modern
)
LaTeX Font Info:    Trying to load font information for OML+lmm on input line 9
8.
(/usr/local/texlive/2024/texmf-dist/tex/latex/lm/omllmm.fd
File: omllmm.fd 2015/05/01 v1.6.1 Font defs for Latin Modern
)
LaTeX Font Info:    Trying to load font information for OMS+lmsy on input line 
98.
(/usr/local/texlive/2024/texmf-dist/tex/latex/lm/omslmsy.fd
File: omslmsy.fd 2015/05/01 v1.6.1 Font defs for Latin Modern
)
LaTeX Font Info:    Trying to load font information for OMX+lmex on input line 
98.
(/usr/local/texlive/2024/texmf-dist/tex/latex/lm/omxlmex.fd
File: omxlmex.fd 2015/05/01 v1.6.1 Font defs for Latin Modern
)
LaTeX Font Info:    External font `lmex10' loaded for size
(Font)              <12> on input line 98.
LaTeX Font Info:    External font `lmex10' loaded for size
(Font)              <8> on input line 98.
LaTeX Font Info:    External font `lmex10' loaded for size
(Font)              <6> on input line 98.
LaTeX Font Info:    Trying to load font information for U+msa on input line 98.

(/usr/local/texlive/2024/texmf-dist/tex/latex/amsfonts/umsa.fd
File: umsa.fd 2013/01/14 v3.01 AMS symbols A
) (/usr/local/texlive/2024/texmf-dist/tex/latex/microtype/mt-msa.cfg
File: mt-msa.cfg 2006/02/04 v1.1 microtype config. file: AMS symbols (a) (RS)
)
LaTeX Font Info:    Trying to load font information for U+msb on input line 98.

(/usr/local/texlive/2024/texmf-dist/tex/latex/amsfonts/umsb.fd
File: umsb.fd 2013/01/14 v3.01 AMS symbols B
) (/usr/local/texlive/2024/texmf-dist/tex/latex/microtype/mt-msb.cfg
File: mt-msb.cfg 2005/06/01 v1.0 microtype config. file: AMS symbols (b) (RS)
)
LaTeX Font Info:    Trying to load font information for T1+lmss on input line 1
02.
(/usr/local/texlive/2024/texmf-dist/tex/latex/lm/t1lmss.fd
File: t1lmss.fd 2015/05/01 v1.6.1 Font defs for Latin Modern
) (./README3.toc
LaTeX Font Info:    External font `lmex10' loaded for size
(Font)              <10> on input line 3.
LaTeX Font Info:    External font `lmex10' loaded for size
(Font)              <7> on input line 3.
LaTeX Font Info:    External font `lmex10' loaded for size
(Font)              <5> on input line 3.
)
\tf@toc=\write3
\openout3 = `README3.toc'.

[1

{/usr/local/texlive/2024/texmf-var/fonts/map/pdftex/updmap/pdftex.map}{/usr/loc
al/texlive/2024/texmf-dist/fonts/enc/dvips/lm/lm-ec.enc}]
LaTeX Font Info:    Trying to load font information for TS1+lmr on input line 1
24.
(/usr/local/texlive/2024/texmf-dist/tex/latex/lm/ts1lmr.fd
File: ts1lmr.fd 2015/05/01 v1.6.1 Font defs for Latin Modern
) [2{/usr/local/texlive/2024/texmf-dist/fonts/enc/dvips/lm/lm-ts1.enc}]
<pics/features.png, id=81, 800.9925pt x 321.2pt>
File: pics/features.png Graphic file (type png)
<use pics/features.png>
Package pdftex.def Info: pics/features.png  used on input line 201.
(pdftex.def)             Requested size: 349.38225pt x 140.10315pt.
<pics/train_processid_plot.png, id=83, 270.2898pt x 398.9304pt>
File: pics/train_processid_plot.png Graphic file (type png)
<use pics/train_processid_plot.png>
Package pdftex.def Info: pics/train_processid_plot.png  used on input line 221.

(pdftex.def)             Requested size: 142.38681pt x 210.1538pt.
[3 <./pics/features.png> <./pics/train_processid_plot.png>]
<pics/train_threadid_plot.png, id=92, 270.2898pt x 454.5783pt>
File: pics/train_threadid_plot.png Graphic file (type png)
<use pics/train_threadid_plot.png>
Package pdftex.def Info: pics/train_threadid_plot.png  used on input line 235.
(pdftex.def)             Requested size: 145.78522pt x 245.18423pt.
<pics/train_parentprocessid_plot.png, id=93, 383.031pt x 510.2262pt>
File: pics/train_parentprocessid_plot.png Graphic file (type png)
<use pics/train_parentprocessid_plot.png>
Package pdftex.def Info: pics/train_parentprocessid_plot.png  used on input lin
e 250.
(pdftex.def)             Requested size: 173.53711pt x 231.16454pt.
[4 <./pics/train_threadid_plot.png> <./pics/train_parentprocessid_plot.png>]
<pics/train_userid_plot.png, id=102, 384.4764pt x 231.9867pt>
File: pics/train_userid_plot.png Graphic file (type png)
<use pics/train_userid_plot.png>
Package pdftex.def Info: pics/train_userid_plot.png  used on input line 268.
(pdftex.def)             Requested size: 232.18947pt x 140.09927pt.
<pics/train_mountnamespace_plot.png, id=103, 435.0654pt x 315.8199pt>
File: pics/train_mountnamespace_plot.png Graphic file (type png)
<use pics/train_mountnamespace_plot.png>
Package pdftex.def Info: pics/train_mountnamespace_plot.png  used on input line
 284.
(pdftex.def)             Requested size: 318.4581pt x 231.17308pt.
[5 <./pics/train_userid_plot.png> <./pics/train_mountnamespace_plot.png>]
<pics/train_processname_plot.png, id=112, 463.2507pt x 506.6127pt>
File: pics/train_processname_plot.png Graphic file (type png)
<use pics/train_processname_plot.png>
Package pdftex.def Info: pics/train_processname_plot.png  used on input line 30
4.
(pdftex.def)             Requested size: 275.43613pt x 301.21797pt.
<pics/train_hostname_plot.png, id=113, 470.4777pt x 312.9291pt>
File: pics/train_hostname_plot.png Graphic file (type png)
<use pics/train_hostname_plot.png>
Package pdftex.def Info: pics/train_hostname_plot.png  used on input line 321.
(pdftex.def)             Requested size: 263.3006pt x 175.12926pt.
[6 <./pics/train_processname_plot.png> <./pics/train_hostname_plot.png>]
<pics/train_eventid_plot.png, id=122, 725.5908pt x 313.6518pt>
File: pics/train_eventid_plot.png Graphic file (type png)
<use pics/train_eventid_plot.png>
Package pdftex.def Info: pics/train_eventid_plot.png  used on input line 338.
(pdftex.def)             Requested size: 452.98384pt x 195.81172pt.
<pics/train_eventname_plot.png, id=123, 725.5908pt x 313.6518pt>
File: pics/train_eventname_plot.png Graphic file (type png)
<use pics/train_eventname_plot.png>
Package pdftex.def Info: pics/train_eventname_plot.png  used on input line 344.

(pdftex.def)             Requested size: 452.98384pt x 195.81172pt.
[7 <./pics/train_eventid_plot.png> <./pics/train_eventname_plot.png>]
<pics/ReturnValue_barplot.png, id=133, 338.2236pt x 395.3169pt>
File: pics/ReturnValue_barplot.png Graphic file (type png)
<use pics/ReturnValue_barplot.png>
Package pdftex.def Info: pics/ReturnValue_barplot.png  used on input line 362.
(pdftex.def)             Requested size: 209.76872pt x 245.17838pt.
<pics/train_stackaddresses-length_plot2.png, id=134, 1061.6463pt x 395.3169pt>
File: pics/train_stackaddresses-length_plot2.png Graphic file (type png)
<use pics/train_stackaddresses-length_plot2.png>
Package pdftex.def Info: pics/train_stackaddresses-length_plot2.png  used on in
put line 396.
(pdftex.def)             Requested size: 452.96754pt x 168.66795pt.
<pics/train_stackaddresses_plot.png, id=135, 859.2903pt x 570.933pt>
File: pics/train_stackaddresses_plot.png Graphic file (type png)
<use pics/train_stackaddresses_plot.png>
Package pdftex.def Info: pics/train_stackaddresses_plot.png  used on input line
 402.
(pdftex.def)             Requested size: 421.72462pt x 280.2039pt.
[8 <./pics/ReturnValue_barplot.png> <./pics/train_stackaddresses-length_plot2.p
ng>]
<pics/argsNum_barplot.png, id=144, 633.0852pt x 395.3169pt>
File: pics/argsNum_barplot.png Graphic file (type png)
<use pics/argsNum_barplot.png>
Package pdftex.def Info: pics/argsNum_barplot.png  used on input line 423.
(pdftex.def)             Requested size: 280.45172pt x 175.12224pt.
[9 <./pics/train_stackaddresses_plot.png> <./pics/argsNum_barplot.png>]
<pics/sus_distributions.png, id=153, 426.393pt x 570.933pt>
File: pics/sus_distributions.png Graphic file (type png)
<use pics/sus_distributions.png>
Package pdftex.def Info: pics/sus_distributions.png  used on input line 461.
(pdftex.def)             Requested size: 313.91232pt x 420.32329pt.
[10 <./pics/sus_distributions.png>]
<pics/Evil_plot.png, id=160, 425.6703pt x 426.393pt>
File: pics/Evil_plot.png Graphic file (type png)
<use pics/Evil_plot.png>
Package pdftex.def Info: pics/Evil_plot.png  used on input line 478.
(pdftex.def)             Requested size: 419.60922pt x 420.32164pt.
[11 <./pics/Evil_plot.png>]
<pics/Correlation matrix.png, id=167, 1123.7985pt x 604.1772pt>
File: pics/Correlation matrix.png Graphic file (type png)
<use pics/Correlation matrix.png>
Package pdftex.def Info: pics/Correlation matrix.png  used on input line 488.
(pdftex.def)             Requested size: 452.95815pt x 243.5196pt.
[12 <./pics/Correlation matrix.png>]
<pics/frequency_sus&notsus.png, id=174, 828.84656pt x 266.49562pt>
File: pics/frequency_sus&notsus.png Graphic file (type png)
<use pics/frequency_sus&notsus.png>
Package pdftex.def Info: pics/frequency_sus&notsus.png  used on input line 590.

(pdftex.def)             Requested size: 452.95816pt x 145.63777pt.
[13 <./pics/frequency_sus&notsus.png>]
<pics/Ordinal encoder.png, id=182, 568.7649pt x 284.0211pt>
File: pics/Ordinal encoder.png Graphic file (type png)
<use pics/Ordinal encoder.png>
Package pdftex.def Info: pics/Ordinal encoder.png  used on input line 655.
(pdftex.def)             Requested size: 452.97305pt x 226.19873pt.
[14 <./pics/Ordinal encoder.png>]
<pics/Smote_pca.png, id=190, 505.1673pt x 284.0211pt>
File: pics/Smote_pca.png Graphic file (type png)
<use pics/Smote_pca.png>
Package pdftex.def Info: pics/Smote_pca.png  used on input line 681.
(pdftex.def)             Requested size: 452.97368pt x 254.67618pt.
[15 <./pics/Smote_pca.png>]
<pics/Dense-model1-structure.png, id=197, 546.04pt x 3226.0525pt>
File: pics/Dense-model1-structure.png Graphic file (type png)
<use pics/Dense-model1-structure.png>
Package pdftex.def Info: pics/Dense-model1-structure.png  used on input line 73
3.
(pdftex.def)             Requested size: 59.28139pt x 350.23967pt.
[16 <./pics/Dense-model1-structure.png>]
<pics/Dense_training.png, id=205, 518.1759pt x 284.0211pt>
File: pics/Dense_training.png Graphic file (type png)
<use pics/Dense_training.png>
Package pdftex.def Info: pics/Dense_training.png  used on input line 755.
(pdftex.def)             Requested size: 249.13275pt x 136.55392pt.
<pics/Dense_training2.png, id=206, 505.89pt x 284.0211pt>
File: pics/Dense_training2.png Graphic file (type png)
<use pics/Dense_training2.png>
Package pdftex.def Info: pics/Dense_training2.png  used on input line 760.
(pdftex.def)             Requested size: 249.13878pt x 139.87363pt.
<pics/Dense_confusionmatrix.png, id=207, 444.4605pt x 312.2064pt>
File: pics/Dense_confusionmatrix.png Graphic file (type png)
<use pics/Dense_confusionmatrix.png>
Package pdftex.def Info: pics/Dense_confusionmatrix.png  used on input line 775
.
(pdftex.def)             Requested size: 249.30988pt x 175.12498pt.
[17 <./pics/Dense_training.png> <./pics/Dense_training2.png> <./pics/Dense_conf
usionmatrix.png>]
<pics/Dense-model2-structure.png, id=217, 3799.19376pt x 4547.99126pt>
File: pics/Dense-model2-structure.png Graphic file (type png)
<use pics/Dense-model2-structure.png>
Package pdftex.def Info: pics/Dense-model2-structure.png  used on input line 79
6.
(pdftex.def)             Requested size: 351.0721pt x 420.26624pt.
[18 <./pics/Dense-model2-structure.png>]
<pics/Dense2_training.png, id=224, 512.3943pt x 284.0211pt>
File: pics/Dense2_training.png Graphic file (type png)
<use pics/Dense2_training.png>
Package pdftex.def Info: pics/Dense2_training.png  used on input line 813.
(pdftex.def)             Requested size: 249.1286pt x 138.09244pt.
<pics/Dense2_training2.png, id=225, 511.6716pt x 284.0211pt>
File: pics/Dense2_training2.png Graphic file (type png)
<use pics/Dense2_training2.png>
Package pdftex.def Info: pics/Dense2_training2.png  used on input line 818.
(pdftex.def)             Requested size: 249.13635pt x 138.29178pt.
<pics/Dense2_confusionmatrix.png, id=226, 444.4605pt x 312.2064pt>
File: pics/Dense2_confusionmatrix.png Graphic file (type png)
<use pics/Dense2_confusionmatrix.png>
Package pdftex.def Info: pics/Dense2_confusionmatrix.png  used on input line 83
6.
(pdftex.def)             Requested size: 249.30988pt x 175.12498pt.
[19 <./pics/Dense2_training.png> <./pics/Dense2_training2.png> <./pics/Dense2_c
onfusionmatrix.png>]
<pics/Dense-smote-structure.png, id=237, 546.04pt x 3556.28625pt>
File: pics/Dense-smote-structure.png Graphic file (type png)
<use pics/Dense-smote-structure.png>
Package pdftex.def Info: pics/Dense-smote-structure.png  used on input line 853
.
(pdftex.def)             Requested size: 64.53047pt x 420.27847pt.
<pics/Dense_smote_training2.png, id=238, 511.6716pt x 284.0211pt>
File: pics/Dense_smote_training2.png Graphic file (type png)
<use pics/Dense_smote_training2.png>
Package pdftex.def Info: pics/Dense_smote_training2.png  used on input line 868
.
(pdftex.def)             Requested size: 249.13635pt x 138.29178pt.
<pics/Dense_smote_training.png, id=239, 502.2765pt x 284.0211pt>
File: pics/Dense_smote_training.png Graphic file (type png)
<use pics/Dense_smote_training.png>
Package pdftex.def Info: pics/Dense_smote_training.png  used on input line 873.

(pdftex.def)             Requested size: 249.1373pt x 140.87907pt.

LaTeX Warning: `!h' float specifier changed to `!ht'.

[20 <./pics/Dense-smote-structure.png>]
<pics/Dense_smote_confusionmatrix.png, id=245, 444.4605pt x 312.2064pt>
File: pics/Dense_smote_confusionmatrix.png Graphic file (type png)
<use pics/Dense_smote_confusionmatrix.png>
Package pdftex.def Info: pics/Dense_smote_confusionmatrix.png  used on input li
ne 891.
(pdftex.def)             Requested size: 249.30988pt x 175.12498pt.
[21 <./pics/Dense_smote_training2.png> <./pics/Dense_smote_training.png> <./pic
s/Dense_smote_confusionmatrix.png>]
<pics/Dense-model4-structure.png, id=255, 136.71075pt x 554.07pt>
File: pics/Dense-model4-structure.png Graphic file (type png)
<use pics/Dense-model4-structure.png>
Package pdftex.def Info: pics/Dense-model4-structure.png  used on input line 91
0.
(pdftex.def)             Requested size: 103.70723pt x 420.31131pt.
[22 <./pics/Dense-model4-structure.png>]
<pics/Dense-model4-training.png, id=262, 316.7835pt x 351.11176pt>
File: pics/Dense-model4-training.png Graphic file (type png)
<use pics/Dense-model4-training.png>
Package pdftex.def Info: pics/Dense-model4-training.png  used on input line 923
.
(pdftex.def)             Requested size: 252.81325pt x 280.20937pt.
<pics/Dense-model4-confusionmatrix.png, id=263, 236.68425pt x 194.52675pt>
File: pics/Dense-model4-confusionmatrix.png Graphic file (type png)
<use pics/Dense-model4-confusionmatrix.png>
Package pdftex.def Info: pics/Dense-model4-confusionmatrix.png  used on input l
ine 933.
(pdftex.def)             Requested size: 213.08969pt x 175.13477pt.
[23 <./pics/Dense-model4-training.png> <./pics/Dense-model4-confusionmatrix.png
>]
Underfull \hbox (badness 10000) in paragraph at lines 947--957

 []

<pics/Conv-model1-structure.png, id=272, 304.13625pt x 1613.02625pt>
File: pics/Conv-model1-structure.png Graphic file (type png)
<use pics/Conv-model1-structure.png>
Package pdftex.def Info: pics/Conv-model1-structure.png  used on input line 960
.
(pdftex.def)             Requested size: 79.2499pt x 420.31223pt.
[24 <./pics/Conv-model1-structure.png>]
<pics/Conv-model1-training2.png, id=279, 512.3943pt x 284.0211pt>
File: pics/Conv-model1-training2.png Graphic file (type png)
<use pics/Conv-model1-training2.png>
Package pdftex.def Info: pics/Conv-model1-training2.png  used on input line 977
.
(pdftex.def)             Requested size: 226.47841pt x 125.53738pt.
<pics/Conv-model1-training.png, id=280, 505.89pt x 284.0211pt>
File: pics/Conv-model1-training.png Graphic file (type png)
<use pics/Conv-model1-training.png>
Package pdftex.def Info: pics/Conv-model1-training.png  used on input line 982.

(pdftex.def)             Requested size: 226.48277pt x 127.1539pt.
<pics/Conv-model1-confusionmatrix.png, id=281, 385.1991pt x 312.2064pt>
File: pics/Conv-model1-confusionmatrix.png Graphic file (type png)
<use pics/Conv-model1-confusionmatrix.png>
Package pdftex.def Info: pics/Conv-model1-confusionmatrix.png  used on input li
ne 994.
(pdftex.def)             Requested size: 216.06856pt x 175.12498pt.
[25 <./pics/Conv-model1-training2.png> <./pics/Conv-model1-training.png> <./pic
s/Conv-model1-confusionmatrix.png>]
Underfull \hbox (badness 10000) in paragraph at lines 1005--1016

 []

<pics/Conv-model2-structure.png, id=292, 991.705pt x 1282.7925pt>
File: pics/Conv-model2-structure.png Graphic file (type png)
<use pics/Conv-model2-structure.png>
Package pdftex.def Info: pics/Conv-model2-structure.png  used on input line 101
9.
(pdftex.def)             Requested size: 324.9333pt x 420.30847pt.
[26 <./pics/Conv-model2-structure.png>]
Underfull \hbox (badness 10000) in paragraph at lines 1029--1030

 []

<pics/Conv-model2-training2.png, id=299, 521.0667pt x 284.0211pt>
File: pics/Conv-model2-training2.png Graphic file (type png)
<use pics/Conv-model2-training2.png>
Package pdftex.def Info: pics/Conv-model2-training2.png  used on input line 103
6.
(pdftex.def)             Requested size: 249.13121pt x 135.79552pt.
<pics/Conv-model2-training.png, id=300, 514.5624pt x 284.0211pt>
File: pics/Conv-model2-training.png Graphic file (type png)
<use pics/Conv-model2-training.png>
Package pdftex.def Info: pics/Conv-model2-training.png  used on input line 1041
.
(pdftex.def)             Requested size: 249.13847pt x 137.51604pt.
<pics/Conv-model2-confusionmatrix.png, id=301, 444.4605pt x 312.2064pt>
File: pics/Conv-model2-confusionmatrix.png Graphic file (type png)
<use pics/Conv-model2-confusionmatrix.png>
Package pdftex.def Info: pics/Conv-model2-confusionmatrix.png  used on input li
ne 1053.
(pdftex.def)             Requested size: 249.30988pt x 175.12498pt.
[27 <./pics/Conv-model2-training2.png> <./pics/Conv-model2-training.png> <./pic
s/Conv-model2-confusionmatrix.png>]
<pics/LSTM-model1-structure.png, id=311, 588.1975pt x 3556.28625pt>
File: pics/LSTM-model1-structure.png Graphic file (type png)
<use pics/LSTM-model1-structure.png>
Package pdftex.def Info: pics/LSTM-model1-structure.png  used on input line 107
8.
(pdftex.def)             Requested size: 69.5126pt x 420.27847pt.
[28 <./pics/LSTM-model1-structure.png>]
<pics/LSTM-model1-training.png, id=317, 512.3943pt x 284.0211pt>
File: pics/LSTM-model1-training.png Graphic file (type png)
<use pics/LSTM-model1-training.png>
Package pdftex.def Info: pics/LSTM-model1-training.png  used on input line 1095
.
(pdftex.def)             Requested size: 249.1286pt x 138.09244pt.
<pics/LSTM-model1-training2.png, id=318, 495.7722pt x 284.0211pt>
File: pics/LSTM-model1-training2.png Graphic file (type png)
<use pics/LSTM-model1-training2.png>
Package pdftex.def Info: pics/LSTM-model1-training2.png  used on input line 110
0.
(pdftex.def)             Requested size: 249.13368pt x 142.72527pt.
<pics/LSTM-model1-confusionmatrix.png, id=319, 444.4605pt x 312.2064pt>
File: pics/LSTM-model1-confusionmatrix.png Graphic file (type png)
<use pics/LSTM-model1-confusionmatrix.png>
Package pdftex.def Info: pics/LSTM-model1-confusionmatrix.png  used on input li
ne 1112.
(pdftex.def)             Requested size: 249.30988pt x 175.12498pt.
[29 <./pics/LSTM-model1-training.png> <./pics/LSTM-model1-training2.png> <./pic
s/LSTM-model1-confusionmatrix.png>]
Underfull \hbox (badness 10000) in paragraph at lines 1129--1137

 []

<pics/LSTM-model2-structure.png, id=329, 4995.66376pt x 4878.225pt>
File: pics/LSTM-model2-structure.png Graphic file (type png)
<use pics/LSTM-model2-structure.png>
Package pdftex.def Info: pics/LSTM-model2-structure.png  used on input line 114
0.
(pdftex.def)             Requested size: 430.381pt x 420.26353pt.
[30 <./pics/LSTM-model2-structure.png>]
<pics/LSTM-model2-training.png, id=336, 512.3943pt x 284.0211pt>
File: pics/LSTM-model2-training.png Graphic file (type png)
<use pics/LSTM-model2-training.png>
Package pdftex.def Info: pics/LSTM-model2-training.png  used on input line 1157
.
(pdftex.def)             Requested size: 249.1286pt x 138.09244pt.
<pics/LSTM-model2-training2.png, id=337, 505.89pt x 284.0211pt>
File: pics/LSTM-model2-training2.png Graphic file (type png)
<use pics/LSTM-model2-training2.png>
Package pdftex.def Info: pics/LSTM-model2-training2.png  used on input line 116
2.
(pdftex.def)             Requested size: 249.13878pt x 139.87363pt.
<pics/LSTM-model2-confusionmatrix.png, id=338, 444.4605pt x 315.0972pt>
File: pics/LSTM-model2-confusionmatrix.png Graphic file (type png)
<use pics/LSTM-model2-confusionmatrix.png>
Package pdftex.def Info: pics/LSTM-model2-confusionmatrix.png  used on input li
ne 1174.
(pdftex.def)             Requested size: 247.02437pt x 175.12622pt.
[31 <./pics/LSTM-model2-training.png> <./pics/LSTM-model2-training2.png> <./pic
s/LSTM-model2-confusionmatrix.png>]
<pics/LSTM-model3-structure.png, id=349, 144.54pt x 605.8635pt>
File: pics/LSTM-model3-structure.png Graphic file (type png)
<use pics/LSTM-model3-structure.png>
Package pdftex.def Info: pics/LSTM-model3-structure.png  used on input line 120
0.
(pdftex.def)             Requested size: 83.56197pt x 350.26398pt.
[32 <./pics/LSTM-model3-structure.png>]
Underfull \hbox (badness 10000) in paragraph at lines 1208--1209

 []

<pics/LSTM-model3-training.png, id=357, 336.0555pt x 349.305pt>
File: pics/LSTM-model3-training.png Graphic file (type png)
<use pics/LSTM-model3-training.png>
Package pdftex.def Info: pics/LSTM-model3-training.png  used on input line 1217
.
(pdftex.def)             Requested size: 269.58316pt x 280.21188pt.

Underfull \hbox (badness 10000) in paragraph at lines 1223--1224

 []

<pics/LSTM-model3-confusionmatrix.png, id=358, 239.09325pt x 199.947pt>
File: pics/LSTM-model3-confusionmatrix.png Graphic file (type png)
<use pics/LSTM-model3-confusionmatrix.png>
Package pdftex.def Info: pics/LSTM-model3-confusionmatrix.png  used on input li
ne 1227.
(pdftex.def)             Requested size: 209.42131pt x 175.1332pt.
[33 <./pics/LSTM-model3-training.png> <./pics/LSTM-model3-confusionmatrix.png>]
<pics/Transformer-structure.png, id=367, 1029.8475pt x 7725.86375pt>
File: pics/Transformer-structure.png Graphic file (type png)
<use pics/Transformer-structure.png>
Package pdftex.def Info: pics/Transformer-structure.png  used on input line 125
4.
(pdftex.def)             Requested size: 65.3553pt x 490.29219pt.
[34 <./pics/Transformer-structure.png>]
<pics/Transformer_cosinewarmupdecay.png, id=374, 630.1944pt x 395.3169pt>
File: pics/Transformer_cosinewarmupdecay.png Graphic file (type png)
<use pics/Transformer_cosinewarmupdecay.png>
Package pdftex.def Info: pics/Transformer_cosinewarmupdecay.png  used on input 
line 1287.
(pdftex.def)             Requested size: 167.50075pt x 105.07213pt.
<pics/Transformer_training.png, id=375, 511.6716pt x 284.0211pt>
File: pics/Transformer_training.png Graphic file (type png)
<use pics/Transformer_training.png>
Package pdftex.def Info: pics/Transformer_training.png  used on input line 1301
.
(pdftex.def)             Requested size: 226.4869pt x 125.7194pt.
<pics/Transformer_training2.png, id=376, 505.89pt x 284.0211pt>
File: pics/Transformer_training2.png Graphic file (type png)
<use pics/Transformer_training2.png>
Package pdftex.def Info: pics/Transformer_training2.png  used on input line 130
6.
(pdftex.def)             Requested size: 226.48277pt x 127.1539pt.
[35 <./pics/Transformer_cosinewarmupdecay.png> <./pics/Transformer_training.png
> <./pics/Transformer_training2.png>]
<pics/Transformer_confusionmatrix.png, id=386, 444.4605pt x 314.3745pt>
File: pics/Transformer_confusionmatrix.png Graphic file (type png)
<use pics/Transformer_confusionmatrix.png>
Package pdftex.def Info: pics/Transformer_confusionmatrix.png  used on input li
ne 1351.
(pdftex.def)             Requested size: 247.60083pt x 175.1323pt.
<pics/Decisiontree-confusionmatrix.png, id=387, 241.50224pt x 195.73125pt>
File: pics/Decisiontree-confusionmatrix.png Graphic file (type png)
<use pics/Decisiontree-confusionmatrix.png>
Package pdftex.def Info: pics/Decisiontree-confusionmatrix.png  used on input l
ine 1370.
(pdftex.def)             Requested size: 216.0897pt x 175.13506pt.
[36 <./pics/Transformer_confusionmatrix.png> <./pics/Decisiontree-confusionmatr
ix.png>]
<pics/Results.jpg, id=396, 499.11469pt x 387.69844pt>
File: pics/Results.jpg Graphic file (type jpg)
<use pics/Results.jpg>
Package pdftex.def Info: pics/Results.jpg  used on input line 1381.
(pdftex.def)             Requested size: 452.98413pt x 351.86551pt.
[37 <./pics/Results.jpg>] [38] [39] (./README3.aux)
 ***********
LaTeX2e <2023-11-01> patch level 1
L3 programming layer <2024-02-20>
 ***********
 ) 
Here is how much of TeX's memory you used:
 15174 strings out of 474116
 244501 string characters out of 5743683
 1944187 words of memory out of 5000000
 37050 multiletter control sequences out of 15000+600000
 615621 words of font info for 144 fonts, out of 8000000 for 9000
 1141 hyphenation exceptions out of 8191
 83i,8n,93p,1196b,579s stack positions out of 10000i,1000n,20000p,200000b,200000s
</usr/local/texlive/2024/texmf-dist/fonts/type1/public/lm/lmbx10.pfb></usr/lo
cal/texlive/2024/texmf-dist/fonts/type1/public/lm/lmbx9.pfb></usr/local/texlive
/2024/texmf-dist/fonts/type1/public/lm/lmr10.pfb></usr/local/texlive/2024/texmf
-dist/fonts/type1/public/lm/lmr12.pfb></usr/local/texlive/2024/texmf-dist/fonts
/type1/public/lm/lmr17.pfb></usr/local/texlive/2024/texmf-dist/fonts/type1/publ
ic/lm/lmssbx10.pfb>
Output written on README3.pdf (39 pages, 3556885 bytes).
PDF statistics:
 573 PDF objects out of 1000 (max. 8388607)
 396 compressed objects within 4 object streams
 127 named destinations out of 1000 (max. 500000)
 33322 words of extra memory for PDF output out of 35830 (max. 10000000)

